[debug] [2023-06-21T13:45:30.516Z] ----------------------------------------------------------------------
[debug] [2023-06-21T13:45:30.519Z] Command:       C:\Program Files\nodejs\node.exe C:\Users\mahfu\AppData\Roaming\npm\node_modules\firebase-tools\lib\bin\firebase.js init
[debug] [2023-06-21T13:45:30.520Z] CLI Version:   11.16.1
[debug] [2023-06-21T13:45:30.520Z] Platform:      win32
[debug] [2023-06-21T13:45:30.520Z] Node Version:  v16.15.1
[debug] [2023-06-21T13:45:30.521Z] Time:          Wed Jun 21 2023 19:45:30 GMT+0600 (Bangladesh Standard Time)
[debug] [2023-06-21T13:45:30.522Z] ----------------------------------------------------------------------
[debug] 
[debug] [2023-06-21T13:45:30.606Z] > command requires scopes: ["email","openid","https://www.googleapis.com/auth/cloudplatformprojects.readonly","https://www.googleapis.com/auth/firebase","https://www.googleapis.com/auth/cloud-platform"]
[debug] [2023-06-21T13:45:30.606Z] > authorizing via signed-in user (rmahfujur16@gmail.com)
[info] 
     ######## #### ########  ######## ########     ###     ######  ########
     ##        ##  ##     ## ##       ##     ##  ##   ##  ##       ##
     ######    ##  ########  ######   ########  #########  ######  ######
     ##        ##  ##    ##  ##       ##     ## ##     ##       ## ##
     ##       #### ##     ## ######## ########  ##     ##  ######  ########

You're about to initialize a Firebase project in this directory:

  J:\web dev\Programming hero\JHK-web\Assignment-11\tourist-services

Before we get started, keep in mind:

  * You are initializing within an existing Firebase project directory

